
**** Build of configuration Debug for project cmsis_dsplib_vibration_msp432p401r_MSP_EXP432P401R_nortos_ccs ****

"C:\\ti\\ccsv8\\utils\\bin\\gmake" -k -j 8 all -O 
 
Building file: "../ccs/startup_msp432p401r_ccs.c"
Invoking: ARM Compiler
"C:/ti/ccsv8/tools/compiler/ti-cgt-arm_18.1.1.LTS/bin/armcl" -mv7M4 --code_state=16 --float_support=FPv4SPD16 -me --include_path="C:/ti/Tim/cmsis_dsplib_vibration_msp432p401r_MSP_EXP432P401R_nortos_ccs" --include_path="C:/ti/simplelink_msp432p4_sdk_2_10_00_14/source/third_party/CMSIS/Include" --include_path="C:/ti/simplelink_msp432p4_sdk_2_10_00_14/source" --include_path="C:/ti/ccsv8/tools/compiler/ti-cgt-arm_18.1.1.LTS/include" --advice:power=none --define=ARM_MATH_CM4 --define=__FPU_PRESENT=1 --define=__MSP432P401R__ --define=DeviceFamily_MSP432P401x -g --diag_warning=225 --diag_warning=255 --diag_wrap=off --display_error_number --gen_func_subsections=on --preproc_with_compile --preproc_dependency="ccs/startup_msp432p401r_ccs.d_raw" --obj_directory="ccs"  "../ccs/startup_msp432p401r_ccs.c"
Finished building: "../ccs/startup_msp432p401r_ccs.c"
 
Building file: "../system_msp432p401r.c"
Invoking: ARM Compiler
"C:/ti/ccsv8/tools/compiler/ti-cgt-arm_18.1.1.LTS/bin/armcl" -mv7M4 --code_state=16 --float_support=FPv4SPD16 -me --include_path="C:/ti/Tim/cmsis_dsplib_vibration_msp432p401r_MSP_EXP432P401R_nortos_ccs" --include_path="C:/ti/simplelink_msp432p4_sdk_2_10_00_14/source/third_party/CMSIS/Include" --include_path="C:/ti/simplelink_msp432p4_sdk_2_10_00_14/source" --include_path="C:/ti/ccsv8/tools/compiler/ti-cgt-arm_18.1.1.LTS/include" --advice:power=none --define=ARM_MATH_CM4 --define=__FPU_PRESENT=1 --define=__MSP432P401R__ --define=DeviceFamily_MSP432P401x -g --diag_warning=225 --diag_warning=255 --diag_wrap=off --display_error_number --gen_func_subsections=on --preproc_with_compile --preproc_dependency="system_msp432p401r.d_raw"  "../system_msp432p401r.c"
Finished building: "../system_msp432p401r.c"
 
Building file: "../main.c"
Invoking: ARM Compiler
"C:/ti/ccsv8/tools/compiler/ti-cgt-arm_18.1.1.LTS/bin/armcl" -mv7M4 --code_state=16 --float_support=FPv4SPD16 -me --include_path="C:/ti/Tim/cmsis_dsplib_vibration_msp432p401r_MSP_EXP432P401R_nortos_ccs" --include_path="C:/ti/simplelink_msp432p4_sdk_2_10_00_14/source/third_party/CMSIS/Include" --include_path="C:/ti/simplelink_msp432p4_sdk_2_10_00_14/source" --include_path="C:/ti/ccsv8/tools/compiler/ti-cgt-arm_18.1.1.LTS/include" --advice:power=none --define=ARM_MATH_CM4 --define=__FPU_PRESENT=1 --define=__MSP432P401R__ --define=DeviceFamily_MSP432P401x -g --diag_warning=225 --diag_warning=255 --diag_wrap=off --display_error_number --gen_func_subsections=on --preproc_with_compile --preproc_dependency="main.d_raw"  "../main.c"
Finished building: "../main.c"
 
Building target: "cmsis_dsplib_vibration_msp432p401r_MSP_EXP432P401R_nortos_ccs.out"
Invoking: ARM Linker
"C:/ti/ccsv8/tools/compiler/ti-cgt-arm_18.1.1.LTS/bin/armcl" -mv7M4 --code_state=16 --float_support=FPv4SPD16 -me --advice:power=none --define=ARM_MATH_CM4 --define=__FPU_PRESENT=1 --define=__MSP432P401R__ --define=DeviceFamily_MSP432P401x -g --diag_warning=225 --diag_warning=255 --diag_wrap=off --display_error_number --gen_func_subsections=on -z -m"cmsis_dsplib_vibration_msp432p401r_MSP_EXP432P401R_nortos_ccs.map" --stack_size=512 -i"C:/ti/ccsv8/tools/compiler/ti-cgt-arm_18.1.1.LTS/lib" -i"C:/ti/simplelink_msp432p4_sdk_2_10_00_14/source" -i"C:/ti/ccsv8/tools/compiler/ti-cgt-arm_18.1.1.LTS/include" --reread_libs --diag_wrap=off --display_error_number --warn_sections --xml_link_info="cmsis_dsplib_vibration_msp432p401r_MSP_EXP432P401R_nortos_ccs_linkInfo.xml" --rom_model -o "cmsis_dsplib_vibration_msp432p401r_MSP_EXP432P401R_nortos_ccs.out" "./main.obj" "./system_msp432p401r.obj" "./ccs/startup_msp432p401r_ccs.obj" "../msp432p401r.cmd"  -l"C:/ti/simplelink_msp432p4_sdk_2_10_00_14/source/third_party/CMSIS/DSP_Lib/lib/ccs/m4f/arm_cortexM4lf_math.a" -l"ti/display/lib/display.aem4f" -l"ti/grlib/lib/ccs/m4f/grlib.a" -l"third_party/spiffs/lib/ccs/m4f/spiffs.a" -l"ti/drivers/lib/drivers_msp432p401x.aem4f" -l"third_party/fatfs/lib/ccs/m4f/fatfs.a" -l"ti/devices/msp432p4xx/driverlib/ccs/msp432p4xx_driverlib.lib" -llibc.a 
<Linking>
Finished building target: "cmsis_dsplib_vibration_msp432p401r_MSP_EXP432P401R_nortos_ccs.out"
 

**** Build Finished ****
